  Source.cpp
D:\university\Season_4\MV\MV_Lazovskaya_Lab2\QR\Source.cpp(46,14): warning C4244: 'argument': conversion from '__int64' to 'const unsigned int', possible loss of data
D:\university\Season_4\MV\MV_Lazovskaya_Lab2\QR\Source.cpp(50,15): warning C4244: 'argument': conversion from '__int64' to 'const unsigned int', possible loss of data
D:\university\Season_4\MV\MV_Lazovskaya_Lab2\QR\Source.cpp(50,23): warning C4244: 'argument': conversion from '__int64' to 'const unsigned int', possible loss of data
D:\university\Season_4\MV\MV_Lazovskaya_Lab2\QR\Source.cpp(50,26): warning C4244: 'argument': conversion from '__int64' to 'const unsigned int', possible loss of data
D:\university\Season_4\MV\MV_Lazovskaya_Lab2\QR\Source.cpp(50,33): warning C4244: 'argument': conversion from '__int64' to 'const unsigned int', possible loss of data
D:\university\Season_4\MV\MV_Lazovskaya_Lab2\QR\Source.cpp(62,14): warning C4244: 'argument': conversion from '__int64' to 'const unsigned int', possible loss of data
D:\university\Season_4\MV\MV_Lazovskaya_Lab2\QR\Source.cpp(64,11): warning C4244: 'argument': conversion from '__int64' to 'const unsigned int', possible loss of data
D:\university\Season_4\MV\MV_Lazovskaya_Lab2\QR\Source.cpp(64,21): warning C4244: 'argument': conversion from '__int64' to 'const unsigned int', possible loss of data
D:\university\Season_4\MV\MV_Lazovskaya_Lab2\QR\Source.cpp(70,19): warning C4244: 'argument': conversion from '__int64' to 'const unsigned int', possible loss of data
D:\university\Season_4\MV\MV_Lazovskaya_Lab2\QR\Source.cpp(70,22): warning C4244: 'argument': conversion from '__int64' to 'const unsigned int', possible loss of data
D:\university\Season_4\MV\MV_Lazovskaya_Lab2\QR\Source.cpp(70,30): warning C4244: 'argument': conversion from '__int64' to 'const unsigned int', possible loss of data
D:\university\Season_4\MV\MV_Lazovskaya_Lab2\QR\Source.cpp(70,33): warning C4244: 'argument': conversion from '__int64' to 'const unsigned int', possible loss of data
D:\university\Season_4\MV\MV_Lazovskaya_Lab2\QR\Source.cpp(70,40): warning C4244: 'argument': conversion from '__int64' to 'const unsigned int', possible loss of data
D:\university\Season_4\MV\MV_Lazovskaya_Lab2\QR\Source.cpp(70,43): warning C4244: 'argument': conversion from '__int64' to 'const unsigned int', possible loss of data
D:\university\Season_4\MV\MV_Lazovskaya_Lab2\QR\Source.cpp(83,14): warning C4244: 'argument': conversion from '__int64' to 'const unsigned int', possible loss of data
D:\university\Season_4\MV\MV_Lazovskaya_Lab2\QR\Source.cpp(85,11): warning C4244: 'argument': conversion from '__int64' to 'const unsigned int', possible loss of data
D:\university\Season_4\MV\MV_Lazovskaya_Lab2\QR\Source.cpp(85,21): warning C4244: 'argument': conversion from '__int64' to 'const unsigned int', possible loss of data
D:\university\Season_4\MV\MV_Lazovskaya_Lab2\QR\Source.cpp(90,15): warning C4244: 'argument': conversion from '__int64' to 'const unsigned int', possible loss of data
D:\university\Season_4\MV\MV_Lazovskaya_Lab2\QR\Source.cpp(90,18): warning C4244: 'argument': conversion from '__int64' to 'const unsigned int', possible loss of data
D:\university\Season_4\MV\MV_Lazovskaya_Lab2\QR\Source.cpp(90,25): warning C4244: 'argument': conversion from '__int64' to 'const unsigned int', possible loss of data
D:\university\Season_4\MV\MV_Lazovskaya_Lab2\QR\Source.cpp(90,28): warning C4244: 'argument': conversion from '__int64' to 'const unsigned int', possible loss of data
D:\university\Season_4\MV\MV_Lazovskaya_Lab2\QR\Source.cpp(98,14): warning C4244: 'argument': conversion from '__int64' to 'const unsigned int', possible loss of data
D:\university\Season_4\MV\MV_Lazovskaya_Lab2\QR\Source.cpp(100,11): warning C4244: 'argument': conversion from '__int64' to 'const unsigned int', possible loss of data
D:\university\Season_4\MV\MV_Lazovskaya_Lab2\QR\Source.cpp(100,21): warning C4244: 'argument': conversion from '__int64' to 'const unsigned int', possible loss of data
D:\university\Season_4\MV\MV_Lazovskaya_Lab2\QR\Source.cpp(101,11): warning C4244: 'argument': conversion from '__int64' to 'const unsigned int', possible loss of data
D:\university\Season_4\MV\MV_Lazovskaya_Lab2\QR\Source.cpp(101,14): warning C4244: 'argument': conversion from '__int64' to 'const unsigned int', possible loss of data
D:\university\Season_4\MV\MV_Lazovskaya_Lab2\QR\Source.cpp(124,27): warning C4244: 'argument': conversion from '__int64' to 'const unsigned int', possible loss of data
D:\university\Season_4\MV\MV_Lazovskaya_Lab2\QR\Source.cpp(124,30): warning C4244: 'argument': conversion from '__int64' to 'const unsigned int', possible loss of data
D:\university\Season_4\MV\MV_Lazovskaya_Lab2\QR\Source.cpp(124,42): warning C4244: 'argument': conversion from '__int64' to 'const unsigned int', possible loss of data
D:\university\Season_4\MV\MV_Lazovskaya_Lab2\QR\Source.cpp(124,45): warning C4244: 'argument': conversion from '__int64' to 'const unsigned int', possible loss of data
D:\university\Season_4\MV\MV_Lazovskaya_Lab2\QR\Source.cpp(124,60): warning C4244: 'argument': conversion from '__int64' to 'const unsigned int', possible loss of data
D:\university\Season_4\MV\MV_Lazovskaya_Lab2\QR\Source.cpp(124,63): warning C4244: 'argument': conversion from '__int64' to 'const unsigned int', possible loss of data
D:\university\Season_4\MV\MV_Lazovskaya_Lab2\QR\Source.cpp(124,75): warning C4244: 'argument': conversion from '__int64' to 'const unsigned int', possible loss of data
D:\university\Season_4\MV\MV_Lazovskaya_Lab2\QR\Source.cpp(124,78): warning C4244: 'argument': conversion from '__int64' to 'const unsigned int', possible loss of data
D:\university\Season_4\MV\MV_Lazovskaya_Lab2\QR\Source.cpp(129,27): warning C4244: 'argument': conversion from '__int64' to 'const unsigned int', possible loss of data
D:\university\Season_4\MV\MV_Lazovskaya_Lab2\QR\Source.cpp(129,30): warning C4244: 'argument': conversion from '__int64' to 'const unsigned int', possible loss of data
D:\university\Season_4\MV\MV_Lazovskaya_Lab2\QR\Source.cpp(130,27): warning C4244: 'argument': conversion from '__int64' to 'const unsigned int', possible loss of data
D:\university\Season_4\MV\MV_Lazovskaya_Lab2\QR\Source.cpp(130,30): warning C4244: 'argument': conversion from '__int64' to 'const unsigned int', possible loss of data
D:\university\Season_4\MV\MV_Lazovskaya_Lab2\QR\Source.cpp(134,33): warning C4244: 'argument': conversion from '__int64' to 'const unsigned int', possible loss of data
D:\university\Season_4\MV\MV_Lazovskaya_Lab2\QR\Source.cpp(134,36): warning C4244: 'argument': conversion from '__int64' to 'const unsigned int', possible loss of data
D:\university\Season_4\MV\MV_Lazovskaya_Lab2\QR\Source.cpp(135,20): warning C4244: 'argument': conversion from '__int64' to 'const unsigned int', possible loss of data
D:\university\Season_4\MV\MV_Lazovskaya_Lab2\QR\Source.cpp(135,23): warning C4244: 'argument': conversion from '__int64' to 'const unsigned int', possible loss of data
D:\university\Season_4\MV\MV_Lazovskaya_Lab2\QR\Source.cpp(135,39): warning C4244: 'argument': conversion from '__int64' to 'const unsigned int', possible loss of data
D:\university\Season_4\MV\MV_Lazovskaya_Lab2\QR\Source.cpp(135,42): warning C4244: 'argument': conversion from '__int64' to 'const unsigned int', possible loss of data
D:\university\Season_4\MV\MV_Lazovskaya_Lab2\QR\Source.cpp(135,58): warning C4244: 'argument': conversion from '__int64' to 'const unsigned int', possible loss of data
D:\university\Season_4\MV\MV_Lazovskaya_Lab2\QR\Source.cpp(135,61): warning C4244: 'argument': conversion from '__int64' to 'const unsigned int', possible loss of data
D:\university\Season_4\MV\MV_Lazovskaya_Lab2\QR\Source.cpp(136,20): warning C4244: 'argument': conversion from '__int64' to 'const unsigned int', possible loss of data
D:\university\Season_4\MV\MV_Lazovskaya_Lab2\QR\Source.cpp(136,23): warning C4244: 'argument': conversion from '__int64' to 'const unsigned int', possible loss of data
D:\university\Season_4\MV\MV_Lazovskaya_Lab2\QR\Source.cpp(136,50): warning C4244: 'argument': conversion from '__int64' to 'const unsigned int', possible loss of data
D:\university\Season_4\MV\MV_Lazovskaya_Lab2\QR\Source.cpp(136,53): warning C4244: 'argument': conversion from '__int64' to 'const unsigned int', possible loss of data
D:\university\Season_4\MV\MV_Lazovskaya_Lab2\QR\Source.cpp(140,28): warning C4244: 'argument': conversion from '__int64' to 'const unsigned int', possible loss of data
D:\university\Season_4\MV\MV_Lazovskaya_Lab2\QR\Source.cpp(140,31): warning C4244: 'argument': conversion from '__int64' to 'const unsigned int', possible loss of data
D:\university\Season_4\MV\MV_Lazovskaya_Lab2\QR\Source.cpp(141,15): warning C4244: 'argument': conversion from '__int64' to 'const unsigned int', possible loss of data
D:\university\Season_4\MV\MV_Lazovskaya_Lab2\QR\Source.cpp(141,18): warning C4244: 'argument': conversion from '__int64' to 'const unsigned int', possible loss of data
D:\university\Season_4\MV\MV_Lazovskaya_Lab2\QR\Source.cpp(141,29): warning C4244: 'argument': conversion from '__int64' to 'const unsigned int', possible loss of data
D:\university\Season_4\MV\MV_Lazovskaya_Lab2\QR\Source.cpp(141,32): warning C4244: 'argument': conversion from '__int64' to 'const unsigned int', possible loss of data
D:\university\Season_4\MV\MV_Lazovskaya_Lab2\QR\Source.cpp(141,43): warning C4244: 'argument': conversion from '__int64' to 'const unsigned int', possible loss of data
D:\university\Season_4\MV\MV_Lazovskaya_Lab2\QR\Source.cpp(141,46): warning C4244: 'argument': conversion from '__int64' to 'const unsigned int', possible loss of data
D:\university\Season_4\MV\MV_Lazovskaya_Lab2\QR\Source.cpp(142,15): warning C4244: 'argument': conversion from '__int64' to 'const unsigned int', possible loss of data
D:\university\Season_4\MV\MV_Lazovskaya_Lab2\QR\Source.cpp(142,18): warning C4244: 'argument': conversion from '__int64' to 'const unsigned int', possible loss of data
D:\university\Season_4\MV\MV_Lazovskaya_Lab2\QR\Source.cpp(142,40): warning C4244: 'argument': conversion from '__int64' to 'const unsigned int', possible loss of data
D:\university\Season_4\MV\MV_Lazovskaya_Lab2\QR\Source.cpp(142,43): warning C4244: 'argument': conversion from '__int64' to 'const unsigned int', possible loss of data
D:\university\Season_4\MV\MV_Lazovskaya_Lab2\QR\Source.cpp(167,26): warning C4244: 'argument': conversion from '__int64' to 'const unsigned int', possible loss of data
D:\university\Season_4\MV\MV_Lazovskaya_Lab2\QR\Source.cpp(167,31): warning C4244: 'argument': conversion from '__int64' to 'const unsigned int', possible loss of data
D:\university\Season_4\MV\MV_Lazovskaya_Lab2\QR\Source.cpp(180,40): warning C4244: 'argument': conversion from '__int64' to 'const unsigned int', possible loss of data
D:\university\Season_4\MV\MV_Lazovskaya_Lab2\QR\Source.cpp(180,45): warning C4244: 'argument': conversion from '__int64' to 'const unsigned int', possible loss of data
D:\university\Season_4\MV\MV_Lazovskaya_Lab2\QR\Source.cpp(181,50): warning C4244: 'argument': conversion from '__int64' to 'const unsigned int', possible loss of data
D:\university\Season_4\MV\MV_Lazovskaya_Lab2\QR\Source.cpp(181,53): warning C4244: 'argument': conversion from '__int64' to 'const unsigned int', possible loss of data
D:\university\Season_4\MV\MV_Lazovskaya_Lab2\QR\Source.cpp(185,32): warning C4244: 'argument': conversion from '__int64' to 'const unsigned int', possible loss of data
D:\university\Season_4\MV\MV_Lazovskaya_Lab2\QR\Source.cpp(185,35): warning C4244: 'argument': conversion from '__int64' to 'const unsigned int', possible loss of data
D:\university\Season_4\MV\MV_Lazovskaya_Lab2\QR\Source.cpp(185,49): warning C4244: 'argument': conversion from '__int64' to 'const unsigned int', possible loss of data
D:\university\Season_4\MV\MV_Lazovskaya_Lab2\QR\Source.cpp(185,56): warning C4244: 'argument': conversion from '__int64' to 'const unsigned int', possible loss of data
D:\university\Season_4\MV\MV_Lazovskaya_Lab2\QR\Source.cpp(186,38): warning C4244: 'argument': conversion from '__int64' to 'const unsigned int', possible loss of data
D:\university\Season_4\MV\MV_Lazovskaya_Lab2\QR\Source.cpp(186,41): warning C4244: 'argument': conversion from '__int64' to 'const unsigned int', possible loss of data
D:\university\Season_4\MV\MV_Lazovskaya_Lab2\QR\Source.cpp(186,55): warning C4244: 'argument': conversion from '__int64' to 'const unsigned int', possible loss of data
D:\university\Season_4\MV\MV_Lazovskaya_Lab2\QR\Source.cpp(186,62): warning C4244: 'argument': conversion from '__int64' to 'const unsigned int', possible loss of data
D:\university\Season_4\MV\MV_Lazovskaya_Lab2\QR\Source.cpp(186,78): warning C4244: 'argument': conversion from '__int64' to 'const unsigned int', possible loss of data
D:\university\Season_4\MV\MV_Lazovskaya_Lab2\QR\Source.cpp(186,83): warning C4244: 'argument': conversion from '__int64' to 'const unsigned int', possible loss of data
D:\university\Season_4\MV\MV_Lazovskaya_Lab2\QR\Source.cpp(186,95): warning C4244: 'argument': conversion from '__int64' to 'const unsigned int', possible loss of data
D:\university\Season_4\MV\MV_Lazovskaya_Lab2\QR\Source.cpp(186,100): warning C4244: 'argument': conversion from '__int64' to 'const unsigned int', possible loss of data
D:\university\Season_4\MV\MV_Lazovskaya_Lab2\QR\Source.cpp(207,28): warning C4244: 'argument': conversion from '__int64' to 'const unsigned int', possible loss of data
D:\university\Season_4\MV\MV_Lazovskaya_Lab2\QR\Source.cpp(207,31): warning C4244: 'argument': conversion from '__int64' to 'const unsigned int', possible loss of data
D:\university\Season_4\MV\MV_Lazovskaya_Lab2\QR\Source.cpp(218,33): warning C4244: 'argument': conversion from '__int64' to 'const unsigned int', possible loss of data
D:\university\Season_4\MV\MV_Lazovskaya_Lab2\QR\Source.cpp(218,38): warning C4244: 'argument': conversion from '__int64' to 'const unsigned int', possible loss of data
D:\university\Season_4\MV\MV_Lazovskaya_Lab2\QR\Source.cpp(218,50): warning C4244: 'argument': conversion from '__int64' to 'const unsigned int', possible loss of data
D:\university\Season_4\MV\MV_Lazovskaya_Lab2\QR\Source.cpp(218,55): warning C4244: 'argument': conversion from '__int64' to 'const unsigned int', possible loss of data
D:\university\Season_4\MV\MV_Lazovskaya_Lab2\QR\Source.cpp(220,24): warning C4244: 'argument': conversion from '__int64' to 'const unsigned int', possible loss of data
D:\university\Season_4\MV\MV_Lazovskaya_Lab2\QR\Source.cpp(220,27): warning C4244: 'argument': conversion from '__int64' to 'const unsigned int', possible loss of data
D:\university\Season_4\MV\MV_Lazovskaya_Lab2\QR\Source.cpp(220,40): warning C4244: 'argument': conversion from '__int64' to 'const unsigned int', possible loss of data
D:\university\Season_4\MV\MV_Lazovskaya_Lab2\QR\Source.cpp(220,43): warning C4244: 'argument': conversion from '__int64' to 'const unsigned int', possible loss of data
D:\university\Season_4\MV\MV_Lazovskaya_Lab2\QR\Source.cpp(223,24): warning C4244: 'argument': conversion from '__int64' to 'const unsigned int', possible loss of data
D:\university\Season_4\MV\MV_Lazovskaya_Lab2\QR\Source.cpp(223,27): warning C4244: 'argument': conversion from '__int64' to 'const unsigned int', possible loss of data
D:\university\Season_4\MV\MV_Lazovskaya_Lab2\QR\Source.cpp(223,40): warning C4244: 'argument': conversion from '__int64' to 'const unsigned int', possible loss of data
D:\university\Season_4\MV\MV_Lazovskaya_Lab2\QR\Source.cpp(223,43): warning C4244: 'argument': conversion from '__int64' to 'const unsigned int', possible loss of data
D:\university\Season_4\MV\MV_Lazovskaya_Lab2\QR\Source.cpp(235,28): warning C4244: 'argument': conversion from '__int64' to 'const unsigned int', possible loss of data
D:\university\Season_4\MV\MV_Lazovskaya_Lab2\QR\Source.cpp(235,31): warning C4244: 'argument': conversion from '__int64' to 'const unsigned int', possible loss of data
D:\university\Season_4\MV\MV_Lazovskaya_Lab2\QR\Source.cpp(261,32): warning C4244: 'argument': conversion from '__int64' to 'const unsigned int', possible loss of data
D:\university\Season_4\MV\MV_Lazovskaya_Lab2\QR\Source.cpp(261,35): warning C4244: 'argument': conversion from '__int64' to 'const unsigned int', possible loss of data
D:\university\Season_4\MV\MV_Lazovskaya_Lab2\QR\Source.cpp(265,63): warning C4244: 'argument': conversion from '__int64' to 'const unsigned int', possible loss of data
D:\university\Season_4\MV\MV_Lazovskaya_Lab2\QR\Source.cpp(265,66): warning C4244: 'argument': conversion from '__int64' to 'const unsigned int', possible loss of data
D:\university\Season_4\MV\MV_Lazovskaya_Lab2\QR\Source.cpp(284,33): warning C4244: 'argument': conversion from '__int64' to 'const unsigned int', possible loss of data
D:\university\Season_4\MV\MV_Lazovskaya_Lab2\QR\Source.cpp(284,47): warning C4244: 'argument': conversion from '__int64' to 'const unsigned int', possible loss of data
D:\university\Season_4\MV\MV_Lazovskaya_Lab2\QR\Source.cpp(284,64): warning C4244: 'argument': conversion from '__int64' to 'const unsigned int', possible loss of data
D:\university\Season_4\MV\MV_Lazovskaya_Lab2\QR\Source.cpp(284,78): warning C4244: 'argument': conversion from '__int64' to 'const unsigned int', possible loss of data
D:\university\Season_4\MV\MV_Lazovskaya_Lab2\QR\Source.cpp(286,17): warning C4244: 'argument': conversion from '__int64' to 'const unsigned int', possible loss of data
D:\university\Season_4\MV\MV_Lazovskaya_Lab2\QR\Source.cpp(286,30): warning C4244: 'argument': conversion from '__int64' to 'const unsigned int', possible loss of data
  Generating code
  Previous IPDB and IOBJ mismatch, fall back to full compilation.
  All 286 functions were compiled because no usable IPDB/IOBJ from previous compilation was found.
  Finished generating code
  QR.vcxproj -> D:\university\Season_4\MV\MV_Lazovskaya_Lab2\Release\QR.exe
